
Unicycler v0.5.0
Command: unicycler -1 o_trimmomatic/SRR36708862_R1_paired.fq.gz -2 o_trimmomatic/SRR36708862_R2_paired.fq.gz -o o_unicycler/

[2026-01-12 04:15:32] Starting Unicycler
[2026-01-12 04:15:33] Loading reads
[2026-01-12 04:15:45] SPAdes assembly with k=27,53,71,87,99,111,119,127
[2026-01-12 04:18:23] Building bridges
[2026-01-12 04:20:21] Applying bridges
[2026-01-12 04:20:21] Polishing assembly
[2026-01-12 04:25:18] Assembly complete

Assembly Statistics:
  Total length: 5,553,065 bp
  Number of contigs: 65
  Largest contig: 837,178 bp
  N50: 371,705 bp
  GC content: 57.18%

Component summary:
  1 linear component (chromosome - incomplete)
  3 circular components (plasmids)
    - ColRNAI: 5,409 bp
    - Col(pHAD28): 4,315 bp
    - Col156: 2,532 bp
