
Starting Unicycler (2026-01-12 03:27:06)
----------------------------------------
    Welcome to Unicycler, an assembly pipeline for bacterial genomes. Since you provided only short reads, Unicycler will essentially function as a SPAdes-optimiser. It will try many k-mer sizes, choose the best based on contig length and graph connectivity, and scaffold the graph using SPAdes repeat resolution.
    For more information, please see https://github.com/rrwick/Unicycler

Command: /home/pop/miniconda3/envs/env_unicycler/bin/unicycler -1 o_trimmomatic/SRR36708862_R1_paired.fq.gz -2 o_trimmomatic/SRR36708862_R2_paired.fq.gz -o assembly

Unicycler version: v0.5.1
Using 4 threads

Making output directory:
  /home/pop/NGS_data/WGS/k_pneumoniae/assembly

Dependencies:
  Program       Version   Status  
  spades.py     4.2.0     good    
  racon                   not used
  makeblastdb   2.5.0+    good    
  tblastn       2.5.0+    good    


Choosing k-mer range for assembly (2026-01-12 03:27:17)
-------------------------------------------------------
    Unicycler chooses a k-mer range for SPAdes based on the length of the input reads. It uses a wide range of many k-mer sizes to maximise the chance of finding an ideal assembly.

SPAdes maximum k-mer: 127
Median read length: 300
K-mer range: 27, 53, 71, 87, 99, 111, 119, 127


SPAdes assemblies (2026-01-12 03:27:28)
---------------------------------------
    Unicycler now uses SPAdes to assemble the short reads. It scores the assembly graph for each k-mer using the number of contigs (fewer is better) and the number of dead ends (fewer is better). The score function is 1/(c*(d+2)), where c is the contig count and d is the dead end count.

spades.py -o /home/pop/NGS_data/WGS/k_pneumoniae/assembly/spades_assembly -k 27 --threads 4 --gfa11 --isolate -1 /home/pop/NGS_data/WGS/k_pneumoniae/o_trimmomatic/SRR36708862_R1_paired.fq.gz -2 /home/pop/NGS_data/WGS/k_pneumoniae/o_trimmomatic/SRR36708862_R2_paired.fq.gz -m 1024

spades.py -o /home/pop/NGS_data/WGS/k_pneumoniae/assembly/spades_assembly -k 27,53 --threads 4 --gfa11 --restart-from k27 -m 1024

spades.py -o /home/pop/NGS_data/WGS/k_pneumoniae/assembly/spades_assembly -k 27,53,71 --threads 4 --gfa11 --restart-from k53 -m 1024

spades.py -o /home/pop/NGS_data/WGS/k_pneumoniae/assembly/spades_assembly -k 27,53,71,87 --threads 4 --gfa11 --restart-from k71 -m 1024

spades.py -o /home/pop/NGS_data/WGS/k_pneumoniae/assembly/spades_assembly -k 27,53,71,87,99 --threads 4 --gfa11 --restart-from k87 -m 1024

spades.py -o /home/pop/NGS_data/WGS/k_pneumoniae/assembly/spades_assembly -k 27,53,71,87,99,111 --threads 4 --gfa11 --restart-from k99 -m 1024

spades.py -o /home/pop/NGS_data/WGS/k_pneumoniae/assembly/spades_assembly -k 27,53,71,87,99,111,119 --threads 4 --gfa11 --restart-from k111 -m 1024

spades.py -o /home/pop/NGS_data/WGS/k_pneumoniae/assembly/spades_assembly -k 27,53,71,87,99,111,119,127 --threads 4 --gfa11 --restart-from k119 -m 1024

K-mer   Contigs   Dead ends   Score      
   27                         too complex
   53       937           1      3.56e-04
   71       698           0      7.16e-04
   87       501           1      6.65e-04
   99       412           1      8.09e-04
  111       379           1      8.80e-04
  119       337           1      9.89e-04
  127       306           0      1.63e-03 <-best

Read depth filter: removed 4 contigs totalling 1140 bp
Deleting /home/pop/NGS_data/WGS/k_pneumoniae/assembly/spades_assembly/


Determining graph multiplicity (2026-01-12 04:20:21)
----------------------------------------------------
    Multiplicity is the number of times a sequence occurs in the underlying sequence. Single-copy contigs (those with a multiplicity of one, occurring only once in the underlying sequence) are particularly useful.

Saving /home/pop/NGS_data/WGS/k_pneumoniae/assembly/002_depth_filter.gfa


Cleaning graph (2026-01-12 04:20:21)
------------------------------------
    Unicycler now performs various cleaning procedures on the graph to remove overlaps and simplify the graph structure. The end result is a graph ready for bridging.

Graph overlaps removed

Removed zero-length segments:
    186, 187, 188, 190, 191, 192, 200, 201, 202, 203, 207, 208, 220, 224, 230, 246, 247, 248, 265, 267, 290

Removed zero-length segments:
    189, 239, 285, 296, 298

Merged small segments:
    282, 283, 284, 287, 288, 289, 291, 292, 293, 294, 297, 300, 301, 304

Saving /home/pop/NGS_data/WGS/k_pneumoniae/assembly/003_overlaps_removed.gfa

    Unicycler now selects a set of anchor contigs from the single-copy contigs. These are the contigs which will be connected via bridges to form the final assembly.

58 anchor segments (5,505,258 bp) out of 267 total segments (5,561,402 bp)


Creating SPAdes contig bridges (2026-01-12 04:20:21)
----------------------------------------------------
    SPAdes uses paired-end information to perform repeat resolution (RR) and produce contigs from the assembly graph. SPAdes saves the graph paths corresponding to these contigs in the contigs.paths file. When one of these paths contains two or more anchor contigs, Unicycler can create a bridge from the path.

                                                                                                                                                                                                                    Bridge
Start                                                                                                 Path                                                                                                 End     quality
  -40                                                                                  -95 -> -205 -> -92 -> -258 -> 144                                                                                   42         27.9
  -11                                                                           -154 -> 107 -> 155 -> 63 -> 121 -> -235 -> -153                                                                            12         14.9
   -7                                                                           153 -> -240 -> -121 -> -62 -> -155 -> 108 -> 154                                                                           25         14.9
   -5                                                      142 -> 182 -> 158 -> 242 -> 151 -> -131 -> 165 -> -236 -> 168 -> 196 -> -116 -> 223 -> 120                                                      10         20.7
    3                                                                                                 114                                                                                                  -14        63.2
    9                                                                   -150 -> -97 -> 169 -> -90 -> -113 -> 76 -> -148 -> -105 -> -146                                                                    15         14.2
   12   133 -> -176 -> 162 -> -127 -> 140 -> -94 -> -130 -> 266 -> -166 -> -81 -> 160 -> -74 -> 128 -> 78 -> 133 -> -177 -> 162 -> 125 -> 140 -> 93 -> -130 -> -257 -> -166 -> -68 -> 160 -> -171 -> 128   -38         0.6
   13                                                                                                 114                                                                                                  -24        63.2
   16                                                                                                 172                                                                                                  54         33.9
   18                                                                                                 -152                                                                                                 39         63.2
   19                                                  -120 -> 224 -> 116 -> -197 -> -168 -> -244 -> -165 -> -132 -> -151 -> -259 -> -158 -> -183 -> -142                                                  38         20.9
   25                                                                                                                                                                                                      14         63.2
   37                                                                                          -109 -> 180 -> 139                                                                                          45         41.8
   39                                                                   -150 -> 96 -> 169 -> -91 -> -113 -> -77 -> -148 -> -104 -> -146                                                                    31         14.3
   40                                                                                   111 -> 80 -> -139 -> 179 -> 109                                                                                    44         19.9


Creating loop unrolling bridges (2026-01-12 04:20:21)
-----------------------------------------------------
    When a SPAdes contig path connects an anchor contig with the middle contig of a simple loop, Unicycler concludes that the sequences are contiguous (i.e. the loop is not a separate piece of DNA). It then uses the read depth of the middle and repeat contigs to guess the number of times to traverse the loop and makes a bridge.

                                  Loop count   Loop count    Loop    Bridge
Start   Repeat   Middle     End    by repeat    by middle   count   quality
    2      137       99      20         0.37         0.79       1      34.9


Applying bridges (2026-01-12 04:20:21)
--------------------------------------
    Unicycler now applies to the graph in decreasing order of quality. This ensures that when multiple, contradictory bridges exist, the most supported option is used.

Bridge type   Start -> end   Path                                       Quality
SPAdes          25 -> 14                                                 63.243
SPAdes          13 -> -24    114                                         63.240
SPAdes          18 -> 39     -152                                        63.226
SPAdes           3 -> -14    114                                         63.157
SPAdes          37 -> 45     -109, 180, 139                              41.806
SPAdes          16 -> 54     172                                         33.902
SPAdes         -40 -> 42     -95, -205, -92, -258, 144                   27.855
SPAdes          19 -> 38     -120, 224, 116, -197, -168, -244, -165,     20.865
                             -132, -151, -259, -158, -183, -142                
SPAdes          -5 -> 10     142, 182, 158, 242, 151, -131, 165,         20.721
                             -236, 168, 196, -116, 223, 120                    
SPAdes          40 -> 44     111, 80, -139, 179, 109                     19.855
SPAdes          -7 -> 25     153, -240, -121, -62, -155, 108, 154        14.885
SPAdes         -11 -> 12     -154, 107, 155, 63, 121, -235, -153         14.862
SPAdes          39 -> 31     -150, 96, 169, -91, -113, -77, -148,        14.257
                             -104, -146                                        
SPAdes           9 -> 15     -150, -97, 169, -90, -113, 76, -148,        14.237
                             -105, -146                                        
loop             2 -> 20     137, 99, 137                                34.907

Saving /home/pop/NGS_data/WGS/k_pneumoniae/assembly/004_bridges_applied.gfa


Bridged assembly graph (2026-01-12 04:20:21)
--------------------------------------------
    The assembly is now mostly finished and no more structural changes will be made. Ideally the assembly graph should now have one contig per replicon and no erroneous contigs (i.e. a complete assembly). If there are more contigs, then the assembly is not complete.

Saving /home/pop/NGS_data/WGS/k_pneumoniae/assembly/005_final_clean.gfa

Component   Segments   Links   Length      N50       Longest segment   Status    
    total        189     264   5,566,069   371,705           837,178             
        1        186     261   5,553,813   371,705           837,178   incomplete
        2          1       1       5,409     5,409             5,409     complete
        3          1       1       4,315     4,315             4,315     complete
        4          1       1       2,532     2,532             2,532     complete


Rotating completed replicons (2026-01-12 04:20:21)
--------------------------------------------------
    Any completed circular contigs (i.e. single contigs which have one link connecting end to start) can have their start position changed without altering the sequence. For consistency, Unicycler now searches for a starting gene (dnaA or repA) in each such contig, and if one is found, the contig is rotated to start with that gene on the forward strand.

Segment   Length   Depth    Starting gene   Position   Strand   Identity   Coverage
     33    5,409    3.90x   none found                                             
     35    4,315   17.66x   none found                                             
     41    2,532   19.88x   none found                                             


Assembly complete (2026-01-12 04:21:00)
---------------------------------------
Saving /home/pop/NGS_data/WGS/k_pneumoniae/assembly/assembly.gfa
Saving /home/pop/NGS_data/WGS/k_pneumoniae/assembly/assembly.fasta

